生成启动时间为 2016/8/28 20:23:36。
     1>项目“C:\Users\machao\Desktop\jointbayesian\jointbayesian_cli\jointbayesian_cli.vcxproj”在节点 2 上(Build 个目标)。
     1>ClCompile:
         D:\VS2013\VC\bin\CL.exe /c /IC:\eigen3 /AI"C:\Program Files (x86)\Reference Assemblies\Microsoft\Framework\.NETFramework\v4.0" /AI"C:\Program Files (x86)\Windows Kits\8.1\References\CommonConfiguration\Neutral" /Zi /clr /nologo /W3 /WX- /sdl /O2 /Oi /Oy- /GL /D _WINDLL /D _MBCS /EHa /MD /GS /Gy /fp:precise /Zc:wchar_t /Zc:forScope /Fo"Release\\" /Fd"Release\vc120.pdb" /TP /FU"C:\Program Files (x86)\Reference Assemblies\Microsoft\Framework\.NETFramework\v4.0\mscorlib.dll" /analyze- /errorReport:prompt /clr:nostdlib jointbayesian_cli.cpp
         jointbayesian_cli.cpp
     1>c:\users\machao\desktop\jointbayesian\jointbayesian_cli\joint_bayesian.h(29): warning C4251: “JointBayesian::dataset”: class“Eigen::Matrix<double,-1,-1,0,-1,-1>”需要有 dll 接口由 class“JointBayesian”的客户端使用
     1>c:\users\machao\desktop\jointbayesian\jointbayesian_cli\joint_bayesian.h(29): warning C4251: “JointBayesian::testset”: class“Eigen::Matrix<double,-1,-1,0,-1,-1>”需要有 dll 接口由 class“JointBayesian”的客户端使用
     1>c:\users\machao\desktop\jointbayesian\jointbayesian_cli\joint_bayesian.h(30): warning C4251: “JointBayesian::label”: class“Eigen::Matrix<int,-1,1,0,-1,1>”需要有 dll 接口由 class“JointBayesian”的客户端使用
     1>c:\users\machao\desktop\jointbayesian\jointbayesian_cli\joint_bayesian.h(30): warning C4251: “JointBayesian::testlabel”: class“Eigen::Matrix<int,-1,1,0,-1,1>”需要有 dll 接口由 class“JointBayesian”的客户端使用
     1>c:\users\machao\desktop\jointbayesian\jointbayesian_cli\joint_bayesian.h(31): warning C4251: “JointBayesian::A”: class“Eigen::Matrix<double,-1,-1,0,-1,-1>”需要有 dll 接口由 class“JointBayesian”的客户端使用
     1>c:\users\machao\desktop\jointbayesian\jointbayesian_cli\joint_bayesian.h(31): warning C4251: “JointBayesian::G”: class“Eigen::Matrix<double,-1,-1,0,-1,-1>”需要有 dll 接口由 class“JointBayesian”的客户端使用
     1>c:\users\machao\desktop\jointbayesian\jointbayesian_cli\joint_bayesian.h(32): warning C4251: “JointBayesian::ratio”: class“Eigen::Matrix<double,1,-1,1,1,-1>”需要有 dll 接口由 class“JointBayesian”的客户端使用
     1>c:\eigen3\eigen\src\core\densecoeffsbase.h(538): warning C4793: “Eigen::DenseCoeffsBase<Eigen::Matrix<double,-1,-1,0,-1,-1>,1>::copyPacket<Eigen::Matrix<double,-1,-1,0,-1,-1>,1,1>”: 编译为本机的函数:
         	托管代码中不支持对齐数据类型
     1>c:\eigen3\eigen\src\core\plainobjectbase.h(191): warning C4793: “Eigen::PlainObjectBase<Eigen::Matrix<double,-1,-1,0,-1,-1> >::packet<1>”: 编译为本机的函数:
         	托管代码中不支持对齐数据类型
     1>c:\eigen3\eigen\src\core\genericpacketmath.h(290): warning C4793: “Eigen::internal::ploadt<__m128d,1>”: 编译为本机的函数:
         	托管代码中不支持对齐数据类型
     1>c:\eigen3\eigen\src\core\genericpacketmath.h(292): warning C4793: “Eigen::internal::ploadt<__m128d,1>”: 编译为本机的函数:
         	托管代码中不支持对齐数据类型
     1>c:\eigen3\eigen\src\core\arch\sse\packetmath.h(220): warning C4793: “Eigen::internal::pload<__m128d>”: 编译为本机的函数:
         	托管代码中发现一个不受支持的内部函数
     1>c:\eigen3\eigen\src\core\arch\sse\packetmath.h(220): warning C4793: “Eigen::internal::pload<__m128d>”: 编译为本机的函数:
         	托管代码中不支持对齐数据类型
     1>c:\eigen3\eigen\src\core\arch\sse\packetmath.h(251): warning C4793: “Eigen::internal::ploadu<__m128d>”: 编译为本机的函数:
         	托管代码中发现一个不受支持的内部函数
     1>c:\eigen3\eigen\src\core\arch\sse\packetmath.h(251): warning C4793: “Eigen::internal::ploadu<__m128d>”: 编译为本机的函数:
         	托管代码中不支持对齐数据类型
     1>c:\eigen3\eigen\src\core\densecoeffsbase.h(538): warning C4793: “Eigen::DenseCoeffsBase<Eigen::Matrix<int,-1,1,0,-1,1>,1>::copyPacket<Eigen::Matrix<int,-1,1,0,-1,1>,1,1>”: 编译为本机的函数:
         	托管代码中不支持对齐数据类型
     1>c:\eigen3\eigen\src\core\plainobjectbase.h(191): warning C4793: “Eigen::PlainObjectBase<Eigen::Matrix<int,-1,1,0,-1,1> >::packet<1>”: 编译为本机的函数:
         	托管代码中不支持对齐数据类型
     1>c:\eigen3\eigen\src\core\genericpacketmath.h(290): warning C4793: “Eigen::internal::ploadt<__m128i,1>”: 编译为本机的函数:
         	托管代码中不支持对齐数据类型
     1>c:\eigen3\eigen\src\core\genericpacketmath.h(292): warning C4793: “Eigen::internal::ploadt<__m128i,1>”: 编译为本机的函数:
         	托管代码中不支持对齐数据类型
     1>c:\eigen3\eigen\src\core\arch\sse\packetmath.h(221): warning C4793: “Eigen::internal::pload<__m128i>”: 编译为本机的函数:
         	托管代码中发现一个不受支持的内部函数
     1>c:\eigen3\eigen\src\core\arch\sse\packetmath.h(221): warning C4793: “Eigen::internal::pload<__m128i>”: 编译为本机的函数:
         	托管代码中不支持对齐数据类型
     1>c:\eigen3\eigen\src\core\arch\sse\packetmath.h(256): warning C4793: “Eigen::internal::ploadu<__m128i>”: 编译为本机的函数:
         	托管代码中发现一个不受支持的内部函数
     1>c:\eigen3\eigen\src\core\arch\sse\packetmath.h(256): warning C4793: “Eigen::internal::ploadu<__m128i>”: 编译为本机的函数:
         	托管代码中不支持对齐数据类型
     1>c:\eigen3\eigen\src\core\densecoeffsbase.h(538): warning C4793: “Eigen::DenseCoeffsBase<Eigen::Matrix<double,1,-1,1,1,-1>,1>::copyPacket<Eigen::Matrix<double,1,-1,1,1,-1>,1,1>”: 编译为本机的函数:
         	托管代码中不支持对齐数据类型
     1>c:\eigen3\eigen\src\core\plainobjectbase.h(191): warning C4793: “Eigen::PlainObjectBase<Eigen::Matrix<double,1,-1,1,1,-1> >::packet<1>”: 编译为本机的函数:
         	托管代码中不支持对齐数据类型
     1>c:\eigen3\eigen\src\core\genericpacketmath.h(290): warning C4793: “Eigen::internal::ploadt<__m128d,1>”: 编译为本机的函数:
         	托管代码中不支持对齐数据类型
     1>c:\eigen3\eigen\src\core\genericpacketmath.h(292): warning C4793: “Eigen::internal::ploadt<__m128d,1>”: 编译为本机的函数:
         	托管代码中不支持对齐数据类型
     1>c:\eigen3\eigen\src\core\arch\sse\packetmath.h(220): warning C4793: “Eigen::internal::pload<__m128d>”: 编译为本机的函数:
         	托管代码中发现一个不受支持的内部函数
     1>c:\eigen3\eigen\src\core\arch\sse\packetmath.h(220): warning C4793: “Eigen::internal::pload<__m128d>”: 编译为本机的函数:
         	托管代码中不支持对齐数据类型
     1>c:\eigen3\eigen\src\core\arch\sse\packetmath.h(251): warning C4793: “Eigen::internal::ploadu<__m128d>”: 编译为本机的函数:
         	托管代码中发现一个不受支持的内部函数
     1>c:\eigen3\eigen\src\core\arch\sse\packetmath.h(251): warning C4793: “Eigen::internal::ploadu<__m128d>”: 编译为本机的函数:
         	托管代码中不支持对齐数据类型
     1>c:\eigen3\eigen\src\core\arch\sse\packetmath.h(274): warning C4793: “Eigen::internal::pstore<double,__m128d>”: 编译为本机的函数:
         	托管代码中发现一个不受支持的内部函数
     1>c:\eigen3\eigen\src\core\arch\sse\packetmath.h(274): warning C4793: “Eigen::internal::pstore<double,__m128d>”: 编译为本机的函数:
         	托管代码中不支持对齐数据类型
     1>c:\eigen3\eigen\src\core\arch\sse\packetmath.h(275): warning C4793: “Eigen::internal::pstore<int,__m128i>”: 编译为本机的函数:
         	托管代码中发现一个不受支持的内部函数
     1>c:\eigen3\eigen\src\core\arch\sse\packetmath.h(275): warning C4793: “Eigen::internal::pstore<int,__m128i>”: 编译为本机的函数:
         	托管代码中不支持对齐数据类型
       Link:
         D:\VS2013\VC\bin\link.exe /ERRORREPORT:PROMPT /OUT:"C:\Users\machao\Desktop\jointbayesian\Release\jointbayesian_cli.dll" /NOLOGO kernel32.lib user32.lib gdi32.lib winspool.lib comdlg32.lib advapi32.lib shell32.lib ole32.lib oleaut32.lib uuid.lib odbc32.lib odbccp32.lib /MANIFEST /MANIFESTUAC:"level='asInvoker' uiAccess='false'" /manifest:embed /DEBUG /PDB:"C:\Users\machao\Desktop\jointbayesian\Release\jointbayesian_cli.pdb" /OPT:REF /OPT:ICF /LTCG /TLBID:1 /DYNAMICBASE /FIXED:NO /NXCOMPAT /MACHINE:X86 /SAFESEH /DLL Release\jointbayesian_cli.obj
         Release\joint_bayesian.obj
         "Release\.NETFramework,Version=v4.0.AssemblyAttributes.obj"
            正在创建库 C:\Users\machao\Desktop\jointbayesian\Release\jointbayesian_cli.lib 和对象 C:\Users\machao\Desktop\jointbayesian\Release\jointbayesian_cli.exp
         LINK : 已指定 /LTCG，但不需要生成代码；从链接命令行中移除 /LTCG 以提高链接器性能
         jointbayesian_cli.vcxproj -> C:\Users\machao\Desktop\jointbayesian\Release\jointbayesian_cli.dll
     1>已完成生成项目“C:\Users\machao\Desktop\jointbayesian\jointbayesian_cli\jointbayesian_cli.vcxproj”(Build 个目标)的操作。

生成成功。

已用时间 00:00:07.32
